c:\users\hungd\source\repos\workshop 4 - startup\serial\x64\release\scan.obj
c:\users\hungd\appdata\local\temp\lnk{3431383c-1d3c-4c58-95d5-56a48ca97ab1}.tmp
c:\users\hungd\source\repos\workshop 4 - startup\x64\release\serial.exe
c:\users\hungd\source\repos\workshop 4 - startup\x64\release\serial.pdb
c:\users\hungd\source\repos\workshop 4 - startup\serial\x64\release\serial.tlog\icl-mcpcom.read.1.tlog
c:\users\hungd\source\repos\workshop 4 - startup\serial\x64\release\serial.tlog\icl-mcpcom.write.1.tlog
c:\users\hungd\source\repos\workshop 4 - startup\serial\x64\release\serial.tlog\icl.command.1.tlog
c:\users\hungd\source\repos\workshop 4 - startup\serial\x64\release\serial.tlog\icl.read.1.tlog
c:\users\hungd\source\repos\workshop 4 - startup\serial\x64\release\serial.tlog\icl.write.1.tlog
c:\users\hungd\source\repos\workshop 4 - startup\serial\x64\release\serial.tlog\xilink-link-cvtres.read.1.tlog
c:\users\hungd\source\repos\workshop 4 - startup\serial\x64\release\serial.tlog\xilink-link-cvtres.write.1.tlog
c:\users\hungd\source\repos\workshop 4 - startup\serial\x64\release\serial.tlog\xilink-link-rc.read.1.tlog
c:\users\hungd\source\repos\workshop 4 - startup\serial\x64\release\serial.tlog\xilink-link-rc.write.1.tlog
c:\users\hungd\source\repos\workshop 4 - startup\serial\x64\release\serial.tlog\xilink-link.read.1.tlog
c:\users\hungd\source\repos\workshop 4 - startup\serial\x64\release\serial.tlog\xilink-link.write.1.tlog
c:\users\hungd\source\repos\workshop 4 - startup\serial\x64\release\serial.tlog\xilink-mcpcom.read.1.tlog
c:\users\hungd\source\repos\workshop 4 - startup\serial\x64\release\serial.tlog\xilink-mcpcom.write.1.tlog
c:\users\hungd\source\repos\workshop 4 - startup\serial\x64\release\serial.tlog\xilink.command.1.tlog
c:\users\hungd\source\repos\workshop 4 - startup\serial\x64\release\serial.tlog\xilink.read.1.tlog
c:\users\hungd\source\repos\workshop 4 - startup\serial\x64\release\serial.tlog\xilink.write.1.tlog
