c:\users\hungd\source\repos\workshop 4 - startup\worksharing\x64\release\scan.obj
c:\users\hungd\appdata\local\temp\lnk{a1b40269-2acf-423e-9855-51e02354e44a}.tmp
c:\users\hungd\source\repos\workshop 4 - startup\x64\release\worksharing.exe
c:\users\hungd\source\repos\workshop 4 - startup\x64\release\worksharing.pdb
c:\users\hungd\source\repos\workshop 4 - startup\worksharing\x64\release\worksharing.tlog\icl-mcpcom.read.1.tlog
c:\users\hungd\source\repos\workshop 4 - startup\worksharing\x64\release\worksharing.tlog\icl-mcpcom.write.1.tlog
c:\users\hungd\source\repos\workshop 4 - startup\worksharing\x64\release\worksharing.tlog\icl.command.1.tlog
c:\users\hungd\source\repos\workshop 4 - startup\worksharing\x64\release\worksharing.tlog\icl.read.1.tlog
c:\users\hungd\source\repos\workshop 4 - startup\worksharing\x64\release\worksharing.tlog\icl.write.1.tlog
c:\users\hungd\source\repos\workshop 4 - startup\worksharing\x64\release\worksharing.tlog\xilink-link-cvtres.read.1.tlog
c:\users\hungd\source\repos\workshop 4 - startup\worksharing\x64\release\worksharing.tlog\xilink-link-cvtres.write.1.tlog
c:\users\hungd\source\repos\workshop 4 - startup\worksharing\x64\release\worksharing.tlog\xilink-link-rc.read.1.tlog
c:\users\hungd\source\repos\workshop 4 - startup\worksharing\x64\release\worksharing.tlog\xilink-link-rc.write.1.tlog
c:\users\hungd\source\repos\workshop 4 - startup\worksharing\x64\release\worksharing.tlog\xilink-link.read.1.tlog
c:\users\hungd\source\repos\workshop 4 - startup\worksharing\x64\release\worksharing.tlog\xilink-link.write.1.tlog
c:\users\hungd\source\repos\workshop 4 - startup\worksharing\x64\release\worksharing.tlog\xilink-mcpcom.read.1.tlog
c:\users\hungd\source\repos\workshop 4 - startup\worksharing\x64\release\worksharing.tlog\xilink-mcpcom.write.1.tlog
c:\users\hungd\source\repos\workshop 4 - startup\worksharing\x64\release\worksharing.tlog\xilink.command.1.tlog
c:\users\hungd\source\repos\workshop 4 - startup\worksharing\x64\release\worksharing.tlog\xilink.read.1.tlog
c:\users\hungd\source\repos\workshop 4 - startup\worksharing\x64\release\worksharing.tlog\xilink.write.1.tlog
