c:\users\hungd\source\repos\workshop 4 - startup\spmd\x64\release\scan.obj
c:\users\hungd\appdata\local\temp\lnk{539b5b6d-e0f6-478e-8ebf-81028502e6d9}.tmp
c:\users\hungd\source\repos\workshop 4 - startup\x64\release\spmd.exe
c:\users\hungd\source\repos\workshop 4 - startup\x64\release\spmd.pdb
c:\users\hungd\source\repos\workshop 4 - startup\spmd\x64\release\spmd.tlog\icl-mcpcom.read.1.tlog
c:\users\hungd\source\repos\workshop 4 - startup\spmd\x64\release\spmd.tlog\icl-mcpcom.write.1.tlog
c:\users\hungd\source\repos\workshop 4 - startup\spmd\x64\release\spmd.tlog\icl.command.1.tlog
c:\users\hungd\source\repos\workshop 4 - startup\spmd\x64\release\spmd.tlog\icl.read.1.tlog
c:\users\hungd\source\repos\workshop 4 - startup\spmd\x64\release\spmd.tlog\icl.write.1.tlog
c:\users\hungd\source\repos\workshop 4 - startup\spmd\x64\release\spmd.tlog\xilink-link-cvtres.read.1.tlog
c:\users\hungd\source\repos\workshop 4 - startup\spmd\x64\release\spmd.tlog\xilink-link-cvtres.write.1.tlog
c:\users\hungd\source\repos\workshop 4 - startup\spmd\x64\release\spmd.tlog\xilink-link-rc.read.1.tlog
c:\users\hungd\source\repos\workshop 4 - startup\spmd\x64\release\spmd.tlog\xilink-link-rc.write.1.tlog
c:\users\hungd\source\repos\workshop 4 - startup\spmd\x64\release\spmd.tlog\xilink-link.read.1.tlog
c:\users\hungd\source\repos\workshop 4 - startup\spmd\x64\release\spmd.tlog\xilink-link.write.1.tlog
c:\users\hungd\source\repos\workshop 4 - startup\spmd\x64\release\spmd.tlog\xilink-mcpcom.read.1.tlog
c:\users\hungd\source\repos\workshop 4 - startup\spmd\x64\release\spmd.tlog\xilink-mcpcom.write.1.tlog
c:\users\hungd\source\repos\workshop 4 - startup\spmd\x64\release\spmd.tlog\xilink.command.1.tlog
c:\users\hungd\source\repos\workshop 4 - startup\spmd\x64\release\spmd.tlog\xilink.read.1.tlog
c:\users\hungd\source\repos\workshop 4 - startup\spmd\x64\release\spmd.tlog\xilink.write.1.tlog
