c:\users\hungd\source\repos\workshop 4 - startup\simd scan\x64\release\scan.obj
c:\users\hungd\appdata\local\temp\lnk{eadaaa41-febc-4545-b62c-30b2bbe81973}.tmp
c:\users\hungd\source\repos\workshop 4 - startup\x64\release\simd scan.exe
c:\users\hungd\source\repos\workshop 4 - startup\x64\release\simd scan.pdb
c:\users\hungd\source\repos\workshop 4 - startup\simd scan\x64\release\simd scan.tlog\icl-mcpcom.read.1.tlog
c:\users\hungd\source\repos\workshop 4 - startup\simd scan\x64\release\simd scan.tlog\icl-mcpcom.write.1.tlog
c:\users\hungd\source\repos\workshop 4 - startup\simd scan\x64\release\simd scan.tlog\icl.command.1.tlog
c:\users\hungd\source\repos\workshop 4 - startup\simd scan\x64\release\simd scan.tlog\icl.read.1.tlog
c:\users\hungd\source\repos\workshop 4 - startup\simd scan\x64\release\simd scan.tlog\icl.write.1.tlog
c:\users\hungd\source\repos\workshop 4 - startup\simd scan\x64\release\simd scan.tlog\xilink-link-cvtres.read.1.tlog
c:\users\hungd\source\repos\workshop 4 - startup\simd scan\x64\release\simd scan.tlog\xilink-link-cvtres.write.1.tlog
c:\users\hungd\source\repos\workshop 4 - startup\simd scan\x64\release\simd scan.tlog\xilink-link-rc.read.1.tlog
c:\users\hungd\source\repos\workshop 4 - startup\simd scan\x64\release\simd scan.tlog\xilink-link-rc.write.1.tlog
c:\users\hungd\source\repos\workshop 4 - startup\simd scan\x64\release\simd scan.tlog\xilink-link.read.1.tlog
c:\users\hungd\source\repos\workshop 4 - startup\simd scan\x64\release\simd scan.tlog\xilink-link.write.1.tlog
c:\users\hungd\source\repos\workshop 4 - startup\simd scan\x64\release\simd scan.tlog\xilink-mcpcom.read.1.tlog
c:\users\hungd\source\repos\workshop 4 - startup\simd scan\x64\release\simd scan.tlog\xilink-mcpcom.write.1.tlog
c:\users\hungd\source\repos\workshop 4 - startup\simd scan\x64\release\simd scan.tlog\xilink.command.1.tlog
c:\users\hungd\source\repos\workshop 4 - startup\simd scan\x64\release\simd scan.tlog\xilink.read.1.tlog
c:\users\hungd\source\repos\workshop 4 - startup\simd scan\x64\release\simd scan.tlog\xilink.write.1.tlog
